[19:43:02] [Client thread/INFO]: Setting user: cnacerInMyButt
[19:43:02] [Client thread/INFO]: (Session ID is token:0:cnacerInMyButt)
[19:43:03] [Client thread/INFO]: [OptiFine] *** Reflector Forge ***
[19:43:03] [Client thread/INFO]: [OptiFine] (Reflector) Class not present: mods.betterfoliage.client.BetterFoliageClient
[19:43:03] [Client thread/INFO]: [OptiFine] (Reflector) Class not present: net.minecraftforge.fml.common.asm.transformers.BlamingTransformer
[19:43:03] [Client thread/INFO]: [OptiFine] (Reflector) Class not present: net.minecraftforge.event.world.ChunkWatchEvent$UnWatch
[19:43:03] [Client thread/INFO]: [OptiFine] (Reflector) Class not present: net.minecraftforge.fml.relauncher.CoreModManager
[19:43:03] [Client thread/INFO]: [OptiFine] (Reflector) Class not present: net.minecraftforge.common.DimensionManager
[19:43:03] [Client thread/INFO]: [OptiFine] (Reflector) Class not present: net.minecraftforge.client.event.GuiScreenEvent$DrawScreenEvent$Pre
[19:43:03] [Client thread/INFO]: [OptiFine] (Reflector) Class not present: net.minecraftforge.client.event.GuiScreenEvent$DrawScreenEvent$Post
[19:43:03] [Client thread/INFO]: [OptiFine] (Reflector) Class not present: net.minecraftforge.client.event.EntityViewRenderEvent$CameraSetup
[19:43:03] [Client thread/INFO]: [OptiFine] (Reflector) Class not present: net.minecraftforge.client.event.EntityViewRenderEvent$FogColors
[19:43:03] [Client thread/INFO]: [OptiFine] (Reflector) Class not present: net.minecraftforge.fml.common.eventhandler.Event
[19:43:03] [Client thread/INFO]: [OptiFine] (Reflector) Class not present: net.minecraftforge.fml.common.eventhandler.EventBus
[19:43:03] [Client thread/INFO]: [OptiFine] (Reflector) Class not present: net.minecraftforge.fml.common.eventhandler.Event$Result
[19:43:03] [Client thread/INFO]: [OptiFine] (Reflector) Class not present: net.minecraftforge.common.property.ExtendedBlockState
[19:43:03] [Client thread/INFO]: [OptiFine] (Reflector) Class not present: net.minecraftforge.fml.client.FMLClientHandler
[19:43:03] [Client thread/INFO]: [OptiFine] (Reflector) Class not present: net.minecraftforge.fml.common.FMLCommonHandler
[19:43:03] [Client thread/INFO]: [OptiFine] (Reflector) Method not present: net.minecraft.world.biome.BiomeGenBase.getWaterColorMultiplier
[19:43:03] [Client thread/INFO]: [OptiFine] (Reflector) Method not present: net.minecraft.block.Block.addDestroyEffects
[19:43:03] [Client thread/INFO]: [OptiFine] (Reflector) Method not present: net.minecraft.block.Block.addHitEffects
[19:43:03] [Client thread/INFO]: [OptiFine] (Reflector) Method not present: net.minecraft.block.Block.canCreatureSpawn
[19:43:03] [Client thread/INFO]: [OptiFine] (Reflector) Method not present: net.minecraft.block.Block.canRenderInLayer
[19:43:03] [Client thread/INFO]: [OptiFine] (Reflector) Method not present: net.minecraft.block.Block.doesSideBlockRendering
[19:43:03] [Client thread/INFO]: [OptiFine] (Reflector) Method not present: net.minecraft.block.Block.getBedDirection
[19:43:03] [Client thread/INFO]: [OptiFine] (Reflector) Method not present: net.minecraft.block.Block.getExtendedState
[19:43:03] [Client thread/INFO]: [OptiFine] (Reflector) Method not present: net.minecraft.block.Block.getLightOpacity
[19:43:03] [Client thread/INFO]: [OptiFine] (Reflector) Method not present: net.minecraft.block.Block.getLightValue
[19:43:03] [Client thread/INFO]: [OptiFine] (Reflector) Method not present: net.minecraft.block.Block.hasTileEntity
[19:43:03] [Client thread/INFO]: [OptiFine] (Reflector) Method not present: net.minecraft.block.Block.isAir
[19:43:03] [Client thread/INFO]: [OptiFine] (Reflector) Method not present: net.minecraft.block.Block.isBed
[19:43:03] [Client thread/INFO]: [OptiFine] (Reflector) Method not present: net.minecraft.block.Block.isBedFoot
[19:43:03] [Client thread/INFO]: [OptiFine] (Reflector) Method not present: net.minecraft.block.Block.isSideSolid
[19:43:03] [Client thread/INFO]: [OptiFine] (Reflector) Method not present: net.minecraft.world.ChunkCache.isSideSolid
[19:43:03] [Client thread/INFO]: [OptiFine] (Reflector) Method not present: net.minecraft.entity.Entity.canRiderInteract
[19:43:03] [Client thread/INFO]: [OptiFine] (Reflector) Field not present: net.minecraft.entity.Entity.captureDrops
[19:43:03] [Client thread/INFO]: [OptiFine] (Reflector) Field not present: net.minecraft.entity.Entity.capturedDrops
[19:43:03] [Client thread/INFO]: [OptiFine] (Reflector) Method not present: net.minecraft.entity.Entity.shouldRenderInPass
[19:43:03] [Client thread/INFO]: [OptiFine] (Reflector) Method not present: net.minecraft.entity.Entity.shouldRiderSit
[19:43:03] [Client thread/INFO]: [OptiFine] (Reflector) Class not present: net.minecraftforge.event.ForgeEventFactory
[19:43:03] [Client thread/INFO]: [OptiFine] (Reflector) Class not present: net.minecraftforge.common.ForgeHooks
[19:43:03] [Client thread/INFO]: [OptiFine] (Reflector) Class not present: net.minecraftforge.client.ForgeHooksClient
[19:43:03] [Client thread/INFO]: [OptiFine] (Reflector) Field not present: net.minecraft.item.Item.delegate
[19:43:03] [Client thread/INFO]: [OptiFine] (Reflector) Method not present: net.minecraft.item.Item.getDurabilityForDisplay
[19:43:03] [Client thread/INFO]: [OptiFine] (Reflector) Method not present: net.minecraft.item.Item.getModel
[19:43:03] [Client thread/INFO]: [OptiFine] (Reflector) Method not present: net.minecraft.item.Item.onEntitySwing
[19:43:03] [Client thread/INFO]: [OptiFine] (Reflector) Method not present: net.minecraft.item.Item.shouldCauseReequipAnimation
[19:43:03] [Client thread/INFO]: [OptiFine] (Reflector) Method not present: net.minecraft.item.Item.showDurabilityBar
[19:43:03] [Client thread/INFO]: [OptiFine] (Reflector) Class not present: net.minecraftforge.common.ForgeModContainer
[19:43:03] [Client thread/INFO]: [OptiFine] (Reflector) Method not present: net.minecraft.potion.PotionEffect.isCurativeItem
[19:43:03] [Client thread/INFO]: [OptiFine] (Reflector) Method not present: net.minecraft.tileentity.TileEntity.canRenderBreaking
[19:43:03] [Client thread/INFO]: [OptiFine] (Reflector) Method not present: net.minecraft.tileentity.TileEntity.getRenderBoundingBox
[19:43:03] [Client thread/INFO]: [OptiFine] (Reflector) Method not present: net.minecraft.tileentity.TileEntity.hasFastRenderer
[19:43:03] [Client thread/INFO]: [OptiFine] (Reflector) Method not present: net.minecraft.tileentity.TileEntity.shouldRenderInPass
[19:43:03] [Client thread/INFO]: [OptiFine] (Reflector) Method not present: net.minecraft.client.renderer.vertex.VertexFormatElement$EnumUsage.preDraw
[19:43:03] [Client thread/INFO]: [OptiFine] (Reflector) Method not present: net.minecraft.client.renderer.vertex.VertexFormatElement$EnumUsage.postDraw
[19:43:03] [Client thread/INFO]: [OptiFine] (Reflector) Method not present: net.minecraft.world.World.countEntities
[19:43:03] [Client thread/INFO]: [OptiFine] (Reflector) Method not present: net.minecraft.world.World.getPerWorldStorage
[19:43:03] [Client thread/INFO]: [OptiFine] (Reflector) Method not present: net.minecraft.world.WorldProvider.getCloudRenderer
[19:43:03] [Client thread/INFO]: [OptiFine] (Reflector) Method not present: net.minecraft.world.WorldProvider.getSkyRenderer
[19:43:03] [Client thread/INFO]: [OptiFine] (Reflector) Method not present: net.minecraft.world.WorldProvider.getWeatherRenderer
[19:43:03] [Client thread/INFO]: [OptiFine] (Reflector) Method not present: net.minecraft.world.WorldProvider.getSaveFolder
[19:43:03] [Client thread/INFO]: [OptiFine] (Reflector) Class not present: net.minecraftforge.fml.client.GuiModList
[19:43:03] [Client thread/INFO]: [OptiFine] (Reflector) Class not present: net.minecraftforge.client.model.IColoredBakedQuad
[19:43:03] [Client thread/INFO]: [OptiFine] (Reflector) Class not present: net.minecraftforge.common.property.IExtendedBlockState
[19:43:03] [Client thread/INFO]: [OptiFine] (Reflector) Class not present: net.minecraftforge.client.model.IModel
[19:43:03] [Client thread/INFO]: [OptiFine] (Reflector) Class not present: net.minecraftforge.client.IRenderHandler
[19:43:03] [Client thread/INFO]: [OptiFine] (Reflector) Class not present: net.minecraftforge.client.ItemModelMesherForge
[19:43:03] [Client thread/INFO]: [OptiFine] (Reflector) Class not present: net.minecraft.launchwrapper.Launch
[19:43:03] [Client thread/INFO]: [OptiFine] (Reflector) Class not present: net.minecraftforge.client.model.pipeline.LightUtil
[19:43:03] [Client thread/INFO]: [OptiFine] (Reflector) Class not present: net.minecraftforge.fml.common.Loader
[19:43:03] [Client thread/INFO]: [OptiFine] (Reflector) Class not present: net.minecraftforge.common.MinecraftForge
[19:43:03] [Client thread/INFO]: [OptiFine] (Reflector) Class not present: net.minecraftforge.client.MinecraftForgeClient
[19:43:03] [Client thread/INFO]: [OptiFine] (Reflector) Class not present: net.minecraftforge.fml.common.ModContainer
[19:43:03] [Client thread/INFO]: [OptiFine] (Reflector) Class not present: net.minecraftforge.client.model.ModelLoader
[19:43:03] [Client thread/INFO]: [OptiFine] (Reflector) Class not present: net.minecraftforge.client.event.RenderBlockOverlayEvent$OverlayType
[19:43:03] [Client thread/INFO]: [OptiFine] (Reflector) Class not present: net.minecraftforge.fml.client.registry.RenderingRegistry
[19:43:03] [Client thread/INFO]: [OptiFine] (Reflector) Class not present: net.minecraftforge.client.event.RenderItemInFrameEvent
[19:43:03] [Client thread/INFO]: [OptiFine] (Reflector) Class not present: net.minecraftforge.client.event.RenderLivingEvent$Pre
[19:43:03] [Client thread/INFO]: [OptiFine] (Reflector) Class not present: net.minecraftforge.client.event.RenderLivingEvent$Post
[19:43:03] [Client thread/INFO]: [OptiFine] (Reflector) Class not present: net.minecraftforge.client.event.RenderLivingEvent$Specials$Pre
[19:43:03] [Client thread/INFO]: [OptiFine] (Reflector) Class not present: net.minecraftforge.client.event.RenderLivingEvent$Specials$Post
[19:43:03] [Client thread/INFO]: [OptiFine] (Reflector) Class not present: net.minecraftforge.fml.client.SplashProgress
[19:43:03] [Client thread/INFO]: [OptiFine] (Reflector) Class not present: net.minecraftforge.event.world.WorldEvent$Load
[19:43:03] [Client thread/INFO]: [OptiFine] *** Reflector Vanilla ***
[19:43:03] [Client thread/INFO]: [OptiFine] (Reflector) Class not present: optifine.OptiFineClassTransformer
[19:43:03] [Client thread/INFO]: LWJGL Version: 2.9.4
[19:43:03] [Client thread/INFO]: [OptiFine] 
[19:43:03] [Client thread/INFO]: [OptiFine] OptiFine_1.8.9_HD_U_L5
[19:43:03] [Client thread/INFO]: [OptiFine] Build: null
[19:43:03] [Client thread/INFO]: [OptiFine] OS: Windows 10 (amd64) version 10.0
[19:43:03] [Client thread/INFO]: [OptiFine] Java: 1.8.0_192, Oracle Corporation
[19:43:03] [Client thread/INFO]: [OptiFine] VM: Java HotSpot(TM) 64-Bit Server VM (mixed mode), Oracle Corporation
[19:43:03] [Client thread/INFO]: [OptiFine] LWJGL: 2.9.4
[19:43:03] [Client thread/INFO]: [OptiFine] OpenGL: NVIDIA GeForce RTX 4060 Laptop GPU/PCIe/SSE2, version 4.6.0 NVIDIA 531.97, NVIDIA Corporation
[19:43:03] [Client thread/INFO]: [OptiFine] OpenGL Version: 4.6.0
[19:43:03] [Client thread/INFO]: [OptiFine] Maximum texture size: 32768x32768
[19:43:03] [Client thread/INFO]: [Shaders] OpenGL Version: 4.6.0 NVIDIA 531.97
[19:43:03] [Client thread/INFO]: [Shaders] Vendor:  NVIDIA Corporation
[19:43:03] [Client thread/INFO]: [Shaders] Renderer: NVIDIA GeForce RTX 4060 Laptop GPU/PCIe/SSE2
[19:43:03] [Client thread/INFO]: [Shaders] Capabilities:  2.0  2.1  3.0  3.2  4.0 
[19:43:03] [Client thread/INFO]: [Shaders] GL_MAX_DRAW_BUFFERS: 8
[19:43:03] [Client thread/INFO]: [Shaders] GL_MAX_COLOR_ATTACHMENTS_EXT: 8
[19:43:03] [Client thread/INFO]: [Shaders] GL_MAX_TEXTURE_IMAGE_UNITS: 32
[19:43:03] [Client thread/INFO]: [Shaders] Load shaders configuration.
[19:43:03] [Client thread/INFO]: [Shaders] Save shaders configuration.
[19:43:03] [Client thread/INFO]: [Shaders] No shaderpack loaded.
[19:43:03] [Client thread/INFO]: Reloading ResourceManager: Default
[19:43:03] [Client thread/INFO]: [OptiFine] *** Reloading textures ***
[19:43:03] [Client thread/INFO]: [OptiFine] Resource packs: Default
[19:43:04] [Client thread/INFO]: [OptiFine] (Reflector) Class not present: net.minecraftforge.client.model.Attributes
[19:43:04] [Sound Library Loader/INFO]: Starting up SoundSystem...
[19:43:04] [Thread-6/INFO]: Initializing LWJGL OpenAL
[19:43:04] [Thread-6/INFO]: (The LWJGL binding of OpenAL.  For more information, see http://www.lwjgl.org)
[19:43:04] [Thread-6/INFO]: OpenAL initialized.
[19:43:04] [Client thread/WARN]: Unable to load item model: 'minecraft:item/halal' for item: 'minecraft:halal'
java.io.FileNotFoundException: minecraft:models/item/halal.json
	at net.minecraft.client.resources.FallbackResourceManager.getResource(FallbackResourceManager.java:52) ~[Rise/:?]
	at net.minecraft.client.resources.SimpleReloadableResourceManager.getResource(SimpleReloadableResourceManager.java:54) ~[Rise/:?]
	at net.minecraft.client.resources.model.ModelBakery.loadModel(ModelBakery.java:186) ~[Rise/:?]
	at net.minecraft.client.resources.model.ModelBakery.loadItemModels(ModelBakery.java:231) ~[Rise/:?]
	at net.minecraft.client.resources.model.ModelBakery.loadVariantItemModels(ModelBakery.java:85) ~[Rise/:?]
	at net.minecraft.client.resources.model.ModelBakery.setupModelRegistry(ModelBakery.java:69) ~[Rise/:?]
	at net.minecraft.client.resources.model.ModelManager.onResourceManagerReload(ModelManager.java:22) ~[Rise/:?]
	at net.minecraft.client.resources.SimpleReloadableResourceManager.registerReloadListener(SimpleReloadableResourceManager.java:93) ~[Rise/:?]
	at net.minecraft.client.Minecraft.startGame(Minecraft.java:504) ~[Rise/:?]
	at net.minecraft.client.Minecraft.run(Minecraft.java:382) ~[Rise/:?]
	at net.minecraft.client.main.Main.main(Main.java:101) ~[Rise/:?]
	at Start.main(Start.java:8) ~[Rise/:?]
[19:43:04] [Client thread/WARN]: Unable to load item model: 'minecraft:item/cooked_halal' for item: 'minecraft:cooked_halal'
java.io.FileNotFoundException: minecraft:models/item/cooked_halal.json
	at net.minecraft.client.resources.FallbackResourceManager.getResource(FallbackResourceManager.java:52) ~[Rise/:?]
	at net.minecraft.client.resources.SimpleReloadableResourceManager.getResource(SimpleReloadableResourceManager.java:54) ~[Rise/:?]
	at net.minecraft.client.resources.model.ModelBakery.loadModel(ModelBakery.java:186) ~[Rise/:?]
	at net.minecraft.client.resources.model.ModelBakery.loadItemModels(ModelBakery.java:231) ~[Rise/:?]
	at net.minecraft.client.resources.model.ModelBakery.loadVariantItemModels(ModelBakery.java:85) ~[Rise/:?]
	at net.minecraft.client.resources.model.ModelBakery.setupModelRegistry(ModelBakery.java:69) ~[Rise/:?]
	at net.minecraft.client.resources.model.ModelManager.onResourceManagerReload(ModelManager.java:22) ~[Rise/:?]
	at net.minecraft.client.resources.SimpleReloadableResourceManager.registerReloadListener(SimpleReloadableResourceManager.java:93) ~[Rise/:?]
	at net.minecraft.client.Minecraft.startGame(Minecraft.java:504) ~[Rise/:?]
	at net.minecraft.client.Minecraft.run(Minecraft.java:382) ~[Rise/:?]
	at net.minecraft.client.main.Main.main(Main.java:101) ~[Rise/:?]
	at Start.main(Start.java:8) ~[Rise/:?]
[19:43:04] [Sound Library Loader/INFO]: Sound engine started
[19:43:04] [Client thread/INFO]: [OptiFine] Mipmap levels: 4
[19:43:04] [Client thread/INFO]: [OptiFine] Multitexture: false
[19:43:04] [Client thread/INFO]: [OptiFine] ConnectedTextures: mcpatcher/ctm/default/0_glass_white/glass_pane_white.properties
[19:43:04] [Client thread/INFO]: [OptiFine] ConnectedTextures: mcpatcher/ctm/default/0_glass_white/glass_white.properties
[19:43:04] [Client thread/INFO]: [OptiFine] ConnectedTextures: mcpatcher/ctm/default/10_glass_purple/glass_pane_purple.properties
[19:43:04] [Client thread/INFO]: [OptiFine] ConnectedTextures: mcpatcher/ctm/default/10_glass_purple/glass_purple.properties
[19:43:04] [Client thread/INFO]: [OptiFine] ConnectedTextures: mcpatcher/ctm/default/11_glass_blue/glass_blue.properties
[19:43:04] [Client thread/INFO]: [OptiFine] ConnectedTextures: mcpatcher/ctm/default/11_glass_blue/glass_pane_blue.properties
[19:43:04] [Client thread/INFO]: [OptiFine] ConnectedTextures: mcpatcher/ctm/default/12_glass_brown/glass_brown.properties
[19:43:04] [Client thread/INFO]: [OptiFine] ConnectedTextures: mcpatcher/ctm/default/12_glass_brown/glass_pane_brown.properties
[19:43:04] [Client thread/INFO]: [OptiFine] ConnectedTextures: mcpatcher/ctm/default/13_glass_green/glass_green.properties
[19:43:04] [Client thread/INFO]: [OptiFine] ConnectedTextures: mcpatcher/ctm/default/13_glass_green/glass_pane_green.properties
[19:43:04] [Client thread/INFO]: [OptiFine] ConnectedTextures: mcpatcher/ctm/default/14_glass_red/glass_pane_red.properties
[19:43:04] [Client thread/INFO]: [OptiFine] ConnectedTextures: mcpatcher/ctm/default/14_glass_red/glass_red.properties
[19:43:05] [Client thread/INFO]: [OptiFine] ConnectedTextures: mcpatcher/ctm/default/15_glass_black/glass_black.properties
[19:43:05] [Client thread/INFO]: [OptiFine] ConnectedTextures: mcpatcher/ctm/default/15_glass_black/glass_pane_black.properties
[19:43:05] [Client thread/INFO]: [OptiFine] ConnectedTextures: mcpatcher/ctm/default/1_glass_orange/glass_orange.properties
[19:43:05] [Client thread/INFO]: [OptiFine] ConnectedTextures: mcpatcher/ctm/default/1_glass_orange/glass_pane_orange.properties
[19:43:05] [Client thread/INFO]: [OptiFine] ConnectedTextures: mcpatcher/ctm/default/2_glass_magenta/glass_magenta.properties
[19:43:05] [Client thread/INFO]: [OptiFine] ConnectedTextures: mcpatcher/ctm/default/2_glass_magenta/glass_pane_magenta.properties
[19:43:05] [Client thread/INFO]: [OptiFine] ConnectedTextures: mcpatcher/ctm/default/3_glass_light_blue/glass_light_blue.properties
[19:43:05] [Client thread/INFO]: [OptiFine] ConnectedTextures: mcpatcher/ctm/default/3_glass_light_blue/glass_pane_light_blue.properties
[19:43:05] [Client thread/INFO]: [OptiFine] ConnectedTextures: mcpatcher/ctm/default/4_glass_yellow/glass_pane_yellow.properties
[19:43:05] [Client thread/INFO]: [OptiFine] ConnectedTextures: mcpatcher/ctm/default/4_glass_yellow/glass_yellow.properties
[19:43:05] [Client thread/INFO]: [OptiFine] ConnectedTextures: mcpatcher/ctm/default/5_glass_lime/glass_lime.properties
[19:43:05] [Client thread/INFO]: [OptiFine] ConnectedTextures: mcpatcher/ctm/default/5_glass_lime/glass_pane_lime.properties
[19:43:05] [Client thread/INFO]: [OptiFine] ConnectedTextures: mcpatcher/ctm/default/6_glass_pink/glass_pane_pink.properties
[19:43:05] [Client thread/INFO]: [OptiFine] ConnectedTextures: mcpatcher/ctm/default/6_glass_pink/glass_pink.properties
[19:43:05] [Client thread/INFO]: [OptiFine] ConnectedTextures: mcpatcher/ctm/default/7_glass_gray/glass_gray.properties
[19:43:05] [Client thread/INFO]: [OptiFine] ConnectedTextures: mcpatcher/ctm/default/7_glass_gray/glass_pane_gray.properties
[19:43:05] [Client thread/INFO]: [OptiFine] ConnectedTextures: mcpatcher/ctm/default/8_glass_silver/glass_pane_silver.properties
[19:43:05] [Client thread/INFO]: [OptiFine] ConnectedTextures: mcpatcher/ctm/default/8_glass_silver/glass_silver.properties
[19:43:05] [Client thread/INFO]: [OptiFine] ConnectedTextures: mcpatcher/ctm/default/9_glass_cyan/glass_cyan.properties
[19:43:05] [Client thread/INFO]: [OptiFine] ConnectedTextures: mcpatcher/ctm/default/9_glass_cyan/glass_pane_cyan.properties
[19:43:05] [Client thread/INFO]: [OptiFine] ConnectedTextures: mcpatcher/ctm/default/bookshelf.properties
[19:43:05] [Client thread/INFO]: [OptiFine] ConnectedTextures: mcpatcher/ctm/default/glass.properties
[19:43:05] [Client thread/INFO]: [OptiFine] ConnectedTextures: mcpatcher/ctm/default/glasspane.properties
[19:43:05] [Client thread/INFO]: [OptiFine] ConnectedTextures: mcpatcher/ctm/default/sandstone.properties
[19:43:05] [Client thread/INFO]: [OptiFine] Multipass connected textures: false
[19:43:05] [Client thread/INFO]: [OptiFine] BetterGrass: Parsing default configuration optifine/bettergrass.properties
[19:43:05] [Client thread/INFO]: Created: 1024x512 textures-atlas
[19:43:05] [Client thread/INFO]: [OptiFine] Animated sprites: 11
[19:43:05] [Client thread/WARN]: Missing model for: minecraft:item/halal
[19:43:05] [Client thread/WARN]: Missing model for: minecraft:item/cooked_halal
[19:43:07] [Via-Mappingloader-0/INFO]: Loading 1.12 -> 1.13 mappings...
[19:43:07] [Via-Mappingloader-1/INFO]: Loading 1.13 -> 1.13.2 mappings...
[19:43:07] [Via-Mappingloader-2/INFO]: Loading 1.13.2 -> 1.14 mappings...
[19:43:07] [Via-Mappingloader-3/INFO]: Loading 1.14 -> 1.15 mappings...
[19:43:07] [Via-Mappingloader-0/INFO]: Loading block connection mappings ...
[19:43:07] [Via-Mappingloader-4/INFO]: Loading 1.15 -> 1.16 mappings...
[19:43:07] [Via-Mappingloader-2/INFO]: Loading 1.16 -> 1.16.2 mappings...
[19:43:07] [Via-Mappingloader-4/INFO]: Loading 1.16.2 -> 1.17 mappings...
[19:43:07] [Via-Mappingloader-2/INFO]: Loading 1.17 -> 1.18 mappings...
[19:43:07] [Via-Mappingloader-2/INFO]: Loading 1.18 -> 1.19 mappings...
[19:43:07] [Client thread/INFO]: Loading translations...
[19:43:07] [Via-Mappingloader-2/INFO]: Loading 1.10 -> 1.9.4 mappings...
[19:43:07] [Via-Mappingloader-2/INFO]: Loading 1.11 -> 1.10 mappings...
[19:43:07] [Via-Mappingloader-2/INFO]: Loading 1.12 -> 1.11 mappings...
[19:43:07] [Via-Mappingloader-2/INFO]: Loading 1.13 -> 1.12 mappings...
[19:43:07] [Via-Mappingloader-0/INFO]: Loading 1.13.2 -> 1.13 mappings...
[19:43:07] [Via-Mappingloader-0/INFO]: Loading 1.14 -> 1.13.2 mappings...
[19:43:07] [Via-Mappingloader-0/INFO]: Loading 1.15 -> 1.14 mappings...
[19:43:07] [Via-Mappingloader-0/INFO]: Loading 1.16 -> 1.15 mappings...
[19:43:07] [Via-Mappingloader-2/INFO]: Loading 1.16.2 -> 1.16 mappings...
[19:43:07] [Via-Mappingloader-2/INFO]: Loading 1.17 -> 1.16.2 mappings...
[19:43:07] [Via-Mappingloader-2/INFO]: Loading 1.18 -> 1.17 mappings...
[19:43:07] [Via-Mappingloader-2/INFO]: Loading 1.19 -> 1.18 mappings...
[19:43:07] [ViaMCP-0/INFO]: ViaVersion detected server version: 1.8.x (47)
[19:43:07] [ViaMCP-0/WARN]: This version of Minecraft is extremely outdated and support for it has reached its end of life. You will still be able to run Via on this Minecraft version, but we are unlikely to provide any further fixes or help with problems specific to legacy Minecraft versions. Please consider updating to give your players a better experience and to avoid issues that have long been fixed.
[19:43:07] [ViaMCP-0/WARN]: You are running an outdated Java version, please consider updating it to at least Java 17 (your version is 1.8.0_192). At some point in the future, ViaVersion will no longer be compatible with this version of Java.
[19:43:07] [ViaMCP-0/INFO]: Finished mapping loading, shutting down loader executor!
[19:43:07] [Client thread/INFO]: [OptiFine] *** Reloading custom textures ***
[19:43:07] [Client thread/INFO]: [OptiFine] Enable face culling: acacia_leaves, birch_leaves, dark_oak_leaves, jungle_leaves, oak_leaves, spruce_leaves
[19:43:07] [Client thread/ERROR]: ########## GL ERROR ##########
[19:43:07] [Client thread/ERROR]: @ Post render
[19:43:07] [Client thread/ERROR]: 1281: Invalid value
[19:43:08] [ViaMCP-0/WARN]: There is a newer plugin version available: 4.8.1, you're on: 4.1.1
[19:43:14] [Server thread/INFO]: Starting integrated minecraft server version 1.9
[19:43:14] [Server thread/INFO]: Generating keypair
[19:43:14] [Server thread/INFO]: Preparing start region for level 0
[19:43:14] [Server thread/INFO]: Changing view distance to 6, from 10
[19:43:14] [Server thread/INFO]: cnacerInMyButt[local:E:3a49b9ca] logged in with entity id 330 at (-1863.8581454120576, 1.4807108763316923, -1049.2241706606)
[19:43:14] [Server thread/INFO]: cnacerInMyButt 加入了游戏
[19:43:33] [Client thread/INFO]: [CHAT] §l§bAsta§r§b » §rUnknown command! Try .help if you're lost
[19:44:13] [Server thread/INFO]: Saving and pausing game...
[19:44:13] [Server thread/INFO]: Saving chunks for level '新的世界'/Overworld
[19:44:13] [Server thread/INFO]: Saving chunks for level '新的世界'/Nether
[19:44:13] [Server thread/INFO]: Saving chunks for level '新的世界'/The End
[19:44:15] [Server thread/WARN]: Fetching addPacket for removed entity
[19:44:42] [Server thread/INFO]: Saving and pausing game...
[19:44:42] [Server thread/INFO]: Saving chunks for level '新的世界'/Overworld
[19:44:42] [Server thread/INFO]: Saving chunks for level '新的世界'/Nether
[19:44:42] [Server thread/INFO]: Saving chunks for level '新的世界'/The End
[19:45:19] [Server thread/INFO]: Saving and pausing game...
[19:45:19] [Server thread/INFO]: Saving chunks for level '新的世界'/Overworld
[19:45:19] [Server thread/INFO]: Saving chunks for level '新的世界'/Nether
[19:45:19] [Server thread/INFO]: Saving chunks for level '新的世界'/The End
[19:46:03] [Server thread/INFO]: Saving and pausing game...
[19:46:03] [Server thread/INFO]: Saving chunks for level '新的世界'/Overworld
[19:46:03] [Server thread/INFO]: Saving chunks for level '新的世界'/Nether
[19:46:03] [Server thread/INFO]: Saving chunks for level '新的世界'/The End
[19:46:08] [Server thread/INFO]: Saving and pausing game...
[19:46:08] [Server thread/INFO]: Saving chunks for level '新的世界'/Overworld
[19:46:08] [Server thread/INFO]: Saving chunks for level '新的世界'/Nether
[19:46:08] [Server thread/INFO]: Saving chunks for level '新的世界'/The End
[19:46:12] [Server thread/INFO]: Saving and pausing game...
[19:46:12] [Server thread/INFO]: Saving chunks for level '新的世界'/Overworld
[19:46:12] [Server thread/INFO]: Saving chunks for level '新的世界'/Nether
[19:46:12] [Server thread/INFO]: Saving chunks for level '新的世界'/The End
[19:46:32] [Server thread/INFO]: Saving and pausing game...
[19:46:32] [Server thread/INFO]: Saving chunks for level '新的世界'/Overworld
[19:46:32] [Server thread/INFO]: Saving chunks for level '新的世界'/Nether
[19:46:32] [Server thread/INFO]: Saving chunks for level '新的世界'/The End
[19:48:26] [Server thread/INFO]: Saving and pausing game...
[19:48:26] [Server thread/INFO]: Saving chunks for level '新的世界'/Overworld
[19:48:26] [Server thread/INFO]: Saving chunks for level '新的世界'/Nether
[19:48:26] [Server thread/INFO]: Saving chunks for level '新的世界'/The End
[19:48:26] [Client thread/INFO]: Stopping!
[19:48:26] [Client thread/INFO]: SoundSystem shutting down...
[19:48:26] [Server thread/INFO]: Stopping server
[19:48:26] [Server thread/INFO]: Saving players
[19:48:26] [Server thread/INFO]: Saving worlds
[19:48:26] [Server thread/INFO]: Saving chunks for level '新的世界'/Overworld
[19:48:26] [Server thread/INFO]: Saving chunks for level '新的世界'/Nether
[19:48:26] [Server thread/INFO]: Saving chunks for level '新的世界'/The End
[19:48:27] [Client thread/WARN]: Author: Paul Lamb, www.paulscode.com
